sending incremental file list
./
test

sent 117 bytes  received 38 bytes  310.00 bytes/sec
total size is 4  speedup is 0.03
已将文件目录 /root/a下的文件定时备份到 /root/archive/backup_20231007162237
备份完成于 Sat Oct  7 16:22:37 CST 2023
sending incremental file list
./
test

sent 117 bytes  received 38 bytes  310.00 bytes/sec
total size is 4  speedup is 0.03
已将文件目录 /root/a下的文件定时备份到 /root/archive/backup_20231007162257
备份完成于 Sat Oct  7 16:22:57 CST 2023
sending incremental file list
./
test

sent 117 bytes  received 38 bytes  310.00 bytes/sec
total size is 4  speedup is 0.03
已将文件目录 /root/a下的文件定时备份到 /root/archive/backup_20231007162317
备份完成于 Sat Oct  7 16:23:17 CST 2023
sending incremental file list
./
test

sent 117 bytes  received 38 bytes  310.00 bytes/sec
total size is 4  speedup is 0.03
已将文件目录 /root/a下的文件定时备份到 /root/archive/backup_20231007162337
备份完成于 Sat Oct  7 16:23:37 CST 2023
sending incremental file list
./
test

sent 117 bytes  received 38 bytes  310.00 bytes/sec
total size is 4  speedup is 0.03
已将文件目录 /root/a下的文件定时备份到 /root/archive/backup_20231007162357
备份完成于 Sat Oct  7 16:23:57 CST 2023
sending incremental file list
./
test

sent 117 bytes  received 38 bytes  310.00 bytes/sec
total size is 4  speedup is 0.03
已将文件目录 /root/a下的文件定时备份到 /root/archive/backup_20231007162417
备份完成于 Sat Oct  7 16:24:17 CST 2023
sending incremental file list
./
test

sent 117 bytes  received 38 bytes  310.00 bytes/sec
total size is 4  speedup is 0.03
已将文件目录 /root/a下的文件定时备份到 /root/archive/backup_20231007162437
备份完成于 Sat Oct  7 16:24:37 CST 2023
sending incremental file list
./
test

sent 117 bytes  received 38 bytes  310.00 bytes/sec
total size is 4  speedup is 0.03
已将文件目录 /root/a下的文件定时备份到 /root/archive/backup_20231007162457
备份完成于 Sat Oct  7 16:24:57 CST 2023
sending incremental file list
./
test

sent 117 bytes  received 38 bytes  310.00 bytes/sec
total size is 4  speedup is 0.03
已将文件目录 /root/a下的文件定时备份到 /root/archive/backup_20231007162517
备份完成于 Sat Oct  7 16:25:17 CST 2023
sending incremental file list
./
test

sent 117 bytes  received 38 bytes  310.00 bytes/sec
total size is 4  speedup is 0.03
已将文件目录 /root/a下的文件定时备份到 /root/archive/backup_20231007162537
备份完成于 Sat Oct  7 16:25:37 CST 2023
sending incremental file list
./
test

sent 117 bytes  received 38 bytes  310.00 bytes/sec
total size is 4  speedup is 0.03
已将文件目录 /root/a下的文件定时备份到 /root/archive/backup_20231007162557
备份完成于 Sat Oct  7 16:25:57 CST 2023
sending incremental file list
./
test

sent 117 bytes  received 38 bytes  310.00 bytes/sec
total size is 4  speedup is 0.03
已将文件目录 /root/a下的文件定时备份到 /root/archive/backup_20231007162617
备份完成于 Sat Oct  7 16:26:17 CST 2023
sending incremental file list
./
test

sent 117 bytes  received 38 bytes  310.00 bytes/sec
total size is 4  speedup is 0.03
已将文件目录 /root/a下的文件定时备份到 /root/archive/backup_20231007162637
备份完成于 Sat Oct  7 16:26:37 CST 2023
sending incremental file list
./
test

sent 117 bytes  received 38 bytes  310.00 bytes/sec
total size is 4  speedup is 0.03
已将文件目录 /root/a下的文件定时备份到 /root/archive/backup_20231007162657
备份完成于 Sat Oct  7 16:26:57 CST 2023
sending incremental file list
./
test

sent 117 bytes  received 38 bytes  310.00 bytes/sec
total size is 4  speedup is 0.03
已将文件目录 /root/a下的文件定时备份到 /root/archive/backup_20231007162717
备份完成于 Sat Oct  7 16:27:17 CST 2023
sending incremental file list
./
test

sent 117 bytes  received 38 bytes  310.00 bytes/sec
total size is 4  speedup is 0.03
已将文件目录 /root/a下的文件定时备份到 /root/archive/backup_20231007162737
备份完成于 Sat Oct  7 16:27:37 CST 2023
sending incremental file list
./
test

sent 117 bytes  received 38 bytes  310.00 bytes/sec
total size is 4  speedup is 0.03
已将文件目录 /root/a下的文件定时备份到 /root/archive/backup_20231007162757
备份完成于 Sat Oct  7 16:27:57 CST 2023
sending incremental file list
./
test

sent 117 bytes  received 38 bytes  310.00 bytes/sec
total size is 4  speedup is 0.03
已将文件目录 /root/a下的文件定时备份到 /root/archive/backup_20231007162817
备份完成于 Sat Oct  7 16:28:17 CST 2023
sending incremental file list
./
test

sent 117 bytes  received 38 bytes  310.00 bytes/sec
total size is 4  speedup is 0.03
已将文件目录 /root/a下的文件定时备份到 /root/archive/backup_20231007162837
备份完成于 Sat Oct  7 16:28:37 CST 2023
sending incremental file list
./
test

sent 117 bytes  received 38 bytes  310.00 bytes/sec
total size is 4  speedup is 0.03
已将文件目录 /root/a下的文件定时备份到 /root/archive/backup_20231007162857
备份完成于 Sat Oct  7 16:28:57 CST 2023
sending incremental file list
./
test

sent 117 bytes  received 38 bytes  310.00 bytes/sec
total size is 4  speedup is 0.03
已将文件目录 /root/a下的文件定时备份到 /root/archive/backup_20231007162917
备份完成于 Sat Oct  7 16:29:17 CST 2023
sending incremental file list
./
test

sent 117 bytes  received 38 bytes  310.00 bytes/sec
total size is 4  speedup is 0.03
已将文件目录 /root/a下的文件定时备份到 /root/archive/backup_20231007162937
备份完成于 Sat Oct  7 16:29:37 CST 2023
sending incremental file list
./
test

sent 117 bytes  received 38 bytes  310.00 bytes/sec
total size is 4  speedup is 0.03
已将文件目录 /root/a下的文件定时备份到 /root/archive/backup_20231007162957
备份完成于 Sat Oct  7 16:29:57 CST 2023
sending incremental file list
./
test

sent 117 bytes  received 38 bytes  310.00 bytes/sec
total size is 4  speedup is 0.03
已将文件目录 /root/a下的文件定时备份到 /root/archive/backup_20231007163017
备份完成于 Sat Oct  7 16:30:17 CST 2023
sending incremental file list
./
test

sent 117 bytes  received 38 bytes  310.00 bytes/sec
total size is 4  speedup is 0.03
已将文件目录 /root/a下的文件定时备份到 /root/archive/backup_20231007163037
备份完成于 Sat Oct  7 16:30:37 CST 2023
